This file contains any messages produced by compilers while
running configure, to aid debugging if configure makes a mistake.

It was created by configure, which was
generated by GNU Autoconf 2.69.  Invocation command line was

  $ ./configure --with-emacs=/usr/local/bin/emacs

## --------- ##
## Platform. ##
## --------- ##

hostname = DELL248CEM
uname -m = x86_64
uname -r = 4.9.0-7-amd64
uname -s = Linux
uname -v = #1 SMP Debian 4.9.110-1 (2018-07-05)

/usr/bin/uname -p = unknown
/bin/uname -X     = unknown

/bin/arch              = unknown
/usr/bin/arch -k       = unknown
/usr/convex/getsysinfo = unknown
/usr/bin/hostinfo      = unknown
/bin/machine           = unknown
/usr/bin/oslevel       = unknown
/bin/universe          = unknown

PATH: /app2/icecream/current/libexec/icecc/bin
PATH: /usr/local/bin
PATH: /usr/local/bin
PATH: /usr/bin
PATH: /bin
PATH: /usr/games


## ----------- ##
## Core tests. ##
## ----------- ##

configure:1716: checking whether make sets $(MAKE)
configure:1738: result: yes
configure:1790: checking for a BSD-compatible install
configure:1858: result: /usr/bin/install -c
configure:1871: checking for makeinfo
configure:1887: found /usr/bin/makeinfo
configure:1899: result: makeinfo
configure:1910: checking if makeinfo version >= 6.3
configure:1918: result: ok (6.5)
configure:1932: checking for texi2pdf
configure:1948: found /usr/bin/texi2pdf
configure:1960: result: texi2pdf
configure:1971: checking if texi2pdf version >= 6.3
configure:1979: result: ok (6.5)
configure:1995: checking for egrep
configure:2011: found /bin/egrep
configure:2022: result: egrep
configure:2035: checking for cygpath
configure:2063: result: no
configure:2129: checking for /usr/local/bin/emacs
configure:2160: result: /usr/local/bin/emacs
configure:2322: checking what a flavor does /usr/local/bin/emacs have
=> Emacs 26.1
configure:2360: result: Emacs 26.1
configure:2372: checking prefix for /usr/local/bin/emacs
=> /usr/local
configure:2405: result: /usr/local
configure:2413: checking where lisp files should go
configure:2435: result: $(prefix)/share/emacs/site-lisp/w3m/
configure:2595: checking where icon files should go
=> $(prefix)/share/emacs/26.1/etc/images/w3m
configure:2641: result: $(prefix)/share/emacs/26.1/etc/images/w3m
configure:2687: checking for gzip
configure:2705: found /bin/gzip
configure:2717: result: /bin/gzip
configure:2898: creating ./config.status

## ---------------------- ##
## Running config.status. ##
## ---------------------- ##

This file was extended by config.status, which was
generated by GNU Autoconf 2.69.  Invocation command line was

  CONFIG_FILES    = 
  CONFIG_HEADERS  = 
  CONFIG_LINKS    = 
  CONFIG_COMMANDS = 
  $ ./config.status 

on DELL248CEM

config.status:731: creating Makefile
config.status:731: creating doc/Makefile

## ---------------- ##
## Cache variables. ##
## ---------------- ##

EMACS_cv_SYS_flavor='Emacs 26.1'
EMACS_cv_SYS_icondir='$(prefix)/share/emacs/26.1/etc/images/w3m'
EMACS_cv_SYS_prefix=/usr/local
ac_cv_env_build_alias_set=
ac_cv_env_build_alias_value=
ac_cv_env_host_alias_set=
ac_cv_env_host_alias_value=
ac_cv_env_target_alias_set=
ac_cv_env_target_alias_value=
ac_cv_path_EMACS=/usr/local/bin/emacs
ac_cv_path_GZIP_PROG=/bin/gzip
ac_cv_path_install='/usr/bin/install -c'
ac_cv_prog_CYGPATH=no
ac_cv_prog_EGREP=egrep
ac_cv_prog_MAKEINFO=makeinfo
ac_cv_prog_TEXI2PDF=texi2pdf
ac_cv_prog_make_make_set=yes

## ----------------- ##
## Output variables. ##
## ----------------- ##

ADDITIONAL_LOAD_PATH='NONE'
COMPRESS_INSTALL='yes'
CYGPATH='no'
DEFS='-DPACKAGE_NAME=\"\" -DPACKAGE_TARNAME=\"\" -DPACKAGE_VERSION=\"\" -DPACKAGE_STRING=\"\" -DPACKAGE_BUGREPORT=\"\" -DPACKAGE_URL=\"\"'
ECHO_C=''
ECHO_N='-n'
ECHO_T=''
EGREP='egrep'
EMACS='/usr/local/bin/emacs'
GZIP_PROG='/bin/gzip'
ICONDIR='$(prefix)/share/emacs/26.1/etc/images/w3m'
INSTALL_DATA='${INSTALL} -m 644'
INSTALL_PROGRAM='${INSTALL}'
INSTALL_SCRIPT='${INSTALL}'
LIBOBJS=''
LIBS=''
LTLIBOBJS=''
MAKEINFO='makeinfo'
PACKAGEDIR='NONE'
PACKAGE_BUGREPORT=''
PACKAGE_NAME=''
PACKAGE_STRING=''
PACKAGE_TARNAME=''
PACKAGE_URL=''
PACKAGE_VERSION=''
PATH_SEPARATOR=':'
SET_MAKE=''
SHELL='/bin/sh'
TEXI2PDF='texi2pdf'
VANILLA_FLAG='-q -no-site-file'
XEMACSDEBUG=''
bindir='${exec_prefix}/bin'
build_alias=''
datadir='${datarootdir}'
datarootdir='${prefix}/share'
docdir='${datarootdir}/doc/${PACKAGE}'
dvidir='${docdir}'
exec_prefix='${prefix}'
host_alias=''
htmldir='${docdir}'
includedir='${prefix}/include'
infodir='${datarootdir}/info'
libdir='${exec_prefix}/lib'
libexecdir='${exec_prefix}/libexec'
lispdir='$(prefix)/share/emacs/site-lisp/w3m'
localedir='${datarootdir}/locale'
localstatedir='${prefix}/var'
mandir='${datarootdir}/man'
oldincludedir='/usr/include'
pdfdir='${docdir}'
prefix='/usr/local'
program_transform_name='s,x,x,'
psdir='${docdir}'
runstatedir='${localstatedir}/run'
sbindir='${exec_prefix}/sbin'
sharedstatedir='${prefix}/com'
sysconfdir='${prefix}/etc'
target_alias=''

## ----------- ##
## confdefs.h. ##
## ----------- ##

/* confdefs.h */
#define PACKAGE_NAME ""
#define PACKAGE_TARNAME ""
#define PACKAGE_VERSION ""
#define PACKAGE_STRING ""
#define PACKAGE_BUGREPORT ""
#define PACKAGE_URL ""

configure: exit 0
